<?xml version="1.0" encoding="UTF-8"?>
<!-- Generated by org.testng.reporters.JUnitReportReporter -->
<testsuite hostname="DESKTOP-RT7QMC6" name="GitHubScenarious" tests="4" failures="0" timestamp="27 Aug 2019 20:49:55 GMT" time="5.127" errors="0">
  <testcase name="scenatio4" time="0.491" classname="GitHubScenarious"/>
  <testcase name="scenario2" time="0.662" classname="GitHubScenarious"/>
  <testcase name="scenatio3" time="0.582" classname="GitHubScenarious"/>
  <testcase name="scenario1_createNewRepository" time="3.392" classname="GitHubScenarious"/>
</testsuite> <!-- GitHubScenarious -->
